<?xml version="1.0" encoding="UTF-8"?>
<!-- Generated by org.testng.reporters.JUnitReportReporter -->
<testsuite skipped="0" hostname="LAPTOP-A4G1U7TV" name="com.test.seek.test.TestSignOut" tests="2" failures="0" timestamp="20 Sep 2017 12:48:06 GMT" time="5.032" errors="0">
  <testcase name="testSignInPage" time="1.811" classname="com.test.seek.test.TestSignOut"/>
  <testcase name="testSignOutPage" time="3.221" classname="com.test.seek.test.TestSignOut"/>
</testsuite> <!-- com.test.seek.test.TestSignOut -->
