<?xml version="1.0" encoding="UTF-8"?>
<!-- Generated by org.testng.reporters.JUnitReportReporter -->
<testsuite skipped="0" hostname="LAPTOP-A4G1U7TV" name="com.test.seek.test.TestSignIn" tests="1" failures="0" timestamp="20 Sep 2017 12:48:05 GMT" time="3.255" errors="0">
  <testcase name="testSignInPage" time="3.255" classname="com.test.seek.test.TestSignIn"/>
</testsuite> <!-- com.test.seek.test.TestSignIn -->
