<?xml version="1.0" encoding="UTF-8"?>
<!-- Generated by org.testng.reporters.JUnitReportReporter -->
<testsuite skipped="0" hostname="LAPTOP-A4G1U7TV" name="com.test.seek.test.TestDelSeekAccount" tests="1" failures="0" timestamp="20 Sep 2017 12:48:06 GMT" time="10.382" errors="0">
  <testcase name="testDelSeekAccountPage" time="10.382" classname="com.test.seek.test.TestDelSeekAccount"/>
</testsuite> <!-- com.test.seek.test.TestDelSeekAccount -->
